<?xml version="1.0" encoding="UTF-8"?>
<testng-results skipped="0" failed="0" ignored="0" total="1" passed="1">
  <reporter-output>
  </reporter-output>
  <suite name="Suite" duration-ms="28816" started-at="2022-12-27T14:51:17Z" finished-at="2022-12-27T14:51:46Z">
    <groups>
    </groups>
    <test name="Test" duration-ms="28816" started-at="2022-12-27T14:51:17Z" finished-at="2022-12-27T14:51:46Z">
      <class name="endToEndTest1.EndToEndTest1">
        <test-method status="PASS" signature="test()[pri:0, instance:endToEndTest1.EndToEndTest1@58fdd99]" name="test" duration-ms="28754" started-at="2022-12-27T14:51:17Z" finished-at="2022-12-27T14:51:46Z">
          <reporter-output>
          </reporter-output>
        </test-method> <!-- test -->
      </class> <!-- endToEndTest1.EndToEndTest1 -->
    </test> <!-- Test -->
  </suite> <!-- Suite -->
</testng-results>
