<?xml version="1.0" encoding="UTF-8"?>
<testng-results ignored="0" total="1" passed="1" failed="0" skipped="0">
  <reporter-output>
  </reporter-output>
  <suite started-at="2022-12-24T13:44:19 IST" name="Default suite" finished-at="2022-12-24T13:44:25 IST" duration-ms="5897">
    <groups>
    </groups>
    <test started-at="2022-12-24T13:44:19 IST" name="Default test" finished-at="2022-12-24T13:44:25 IST" duration-ms="5897">
      <class name="endToEndTest1.EndToEndTest1">
        <test-method signature="test()[pri:0, instance:endToEndTest1.EndToEndTest1@b62d79]" started-at="2022-12-24T13:44:19 IST" name="test" finished-at="2022-12-24T13:44:25 IST" duration-ms="5822" status="PASS">
          <reporter-output>
          </reporter-output>
        </test-method> <!-- test -->
      </class> <!-- endToEndTest1.EndToEndTest1 -->
    </test> <!-- Default test -->
  </suite> <!-- Default suite -->
</testng-results>
